warning: associated function `from_u8` is never used
  --> crates/xerj-cluster/src/raft_log.rs:72:8
   |
71 | impl EntryKind {
   | -------------- associated function in this implementation
72 |     fn from_u8(b: u8) -> Result<Self> {
   |        ^^^^^^^
   |
   = note: `#[warn(dead_code)]` (part of `#[warn(unused)]`) on by default

warning: unused import: `Write`
  --> crates/xerj-storage/src/stored_codec.rs:58:29
   |
58 | use std::io::{Cursor, Read, Write};
   |                             ^^^^^
   |
   = note: `#[warn(unused_imports)]` (part of `#[warn(unused)]`) on by default

warning: unused import: `Read`
  --> crates/xerj-storage/src/stored_codec.rs:58:23
   |
58 | use std::io::{Cursor, Read, Write};
   |                       ^^^^

warning: field `depth` is never read
   --> crates/xerj-storage/src/backend.rs:384:9
    |
381 |     pub struct Entry {
    |                ----- field in this struct
...
384 |         depth: usize,
    |         ^^^^^
    |
    = note: `#[warn(dead_code)]` (part of `#[warn(unused)]`) on by default

warning: constant `CHKPT_LEN` is never used
  --> crates/xerj-storage/src/wal.rs:63:7
   |
63 | const CHKPT_LEN: u64 = 28; // generation(8) + offset(8) + max_seq(8) + crc(4)
   |       ^^^^^^^^^

warning: unused import: `Serialize`
  --> crates/xerj-fts/src/index.rs:28:26
   |
28 | use serde::{Deserialize, Serialize};
   |                          ^^^^^^^^^
   |
   = note: `#[warn(unused_imports)]` (part of `#[warn(unused)]`) on by default

warning: unused import: `rayon::prelude`
  --> crates/xerj-vector/src/hnsw.rs:17:5
   |
17 | use rayon::prelude::*;
   |     ^^^^^^^^^^^^^^
   |
   = note: `#[warn(unused_imports)]` (part of `#[warn(unused)]`) on by default

warning: variable `curr_dist` is assigned to, but never used
   --> crates/xerj-vector/src/hnsw.rs:166:13
    |
166 |         let mut curr_dist = {
    |             ^^^^^^^^^^^^^
    |
    = note: consider using `_curr_dist` instead
    = note: `#[warn(unused_variables)]` (part of `#[warn(unused)]`) on by default

warning: value assigned to `curr_dist` is never read
   --> crates/xerj-vector/src/hnsw.rs:225:17
    |
225 |                 curr_dist = candidates[0].0;
    |                 ^^^^^^^^^^^^^^^^^^^^^^^^^^^
    |
    = help: maybe it is overwritten before being read?
    = note: `#[warn(unused_assignments)]` (part of `#[warn(unused)]`) on by default

warning: value assigned to `curr_dist` is never read
   --> crates/xerj-vector/src/hnsw.rs:175:13
    |
175 |             curr_dist = new_dist;
    |             ^^^^^^^^^^^^^^^^^^^^
    |
    = help: maybe it is overwritten before being read?

warning: field `id` is never read
  --> crates/xerj-vector/src/hnsw.rs:61:5
   |
60 | struct Node {
   |        ---- field in this struct
61 |     id: u64,
   |     ^^
   |
   = note: `Node` has a derived impl for the trait `Debug`, but this is intentionally ignored during dead code analysis
   = note: `#[warn(dead_code)]` (part of `#[warn(unused)]`) on by default

warning: `xerj-cluster` (lib) generated 1 warning
warning: `xerj-storage` (lib) generated 4 warnings (run `cargo fix --lib -p xerj-storage` to apply 1 suggestion)
warning: `xerj-fts` (lib) generated 1 warning (run `cargo fix --lib -p xerj-fts` to apply 1 suggestion)
warning: `xerj-vector` (lib) generated 5 warnings
warning: `xerj-storage` (lib test) generated 4 warnings (4 duplicates)
warning: `xerj-cluster` (lib test) generated 1 warning (1 duplicate)
warning: `xerj-fts` (lib test) generated 1 warning (1 duplicate)
warning: `xerj-vector` (lib test) generated 5 warnings (5 duplicates)
warning: unused import: `Write`
  --> crates/xerj-logs/src/columnar.rs:10:29
   |
10 | use std::io::{Cursor, Read, Write};
   |                             ^^^^^
   |
   = note: `#[warn(unused_imports)]` (part of `#[warn(unused)]`) on by default

warning: unused imports: `ColumnType`, `ColumnValue`, and `Column`
  --> crates/xerj-logs/src/ingest.rs:14:23
   |
14 | use crate::columnar::{Column, ColumnType, ColumnValue};
   |                       ^^^^^^  ^^^^^^^^^^  ^^^^^^^^^^^

warning: field `bucket` is never read
   --> crates/xerj-logs/src/ingest.rs:166:5
    |
165 | struct Memtable {
    |        -------- field in this struct
166 |     bucket: HourBucket,
    |     ^^^^^^
    |
    = note: `#[warn(dead_code)]` (part of `#[warn(unused)]`) on by default

warning: `xerj-logs` (lib) generated 3 warnings (run `cargo fix --lib -p xerj-logs` to apply 2 suggestions)
warning: `xerj-logs` (lib test) generated 3 warnings (3 duplicates)
warning: unused import: `FtsIndexWriter`
  --> crates/xerj-engine/src/index.rs:17:40
   |
17 | use xerj_fts::index::{FtsIndexReader, FtsIndexWriter};
   |                                        ^^^^^^^^^^^^^^
   |
   = note: `#[warn(unused_imports)]` (part of `#[warn(unused)]`) on by default

warning: unused imports: `FastAggResult`, `run_agg_fast_filtered`, and `run_agg_fast`
  --> crates/xerj-engine/src/index.rs:28:38
   |
28 | use crate::aggs::{run_aggs_with_all, run_agg_fast, run_agg_fast_filtered, FastAggResult};
   |                                      ^^^^^^^^^^^^  ^^^^^^^^^^^^^^^^^^^^^  ^^^^^^^^^^^^^

warning: unused import: `crate::memtable::FtsMemtable`
  --> crates/xerj-engine/src/index.rs:29:5
   |
29 | use crate::memtable::FtsMemtable;
   |     ^^^^^^^^^^^^^^^^^^^^^^^^^^^^

warning: unused import: `SegmentId`
    --> crates/xerj-engine/src/index.rs:1402:51
     |
1402 |         use xerj_storage::segment::{SectionType, SegmentId, SegmentReader, SegmentWriter};
     |                                                   ^^^^^^^^^

warning: unused import: `rayon::prelude`
  --> crates/xerj-engine/src/turbo_ingest.rs:31:5
   |
31 | use rayon::prelude::*;
   |     ^^^^^^^^^^^^^^

warning: value assigned to `fts_handled` is never read
    --> crates/xerj-engine/src/index.rs:2766:33
     |
2766 | ...                   fts_handled = true;
     |                       ^^^^^^^^^^^^^^^^^^
     |
     = help: maybe it is overwritten before being read?
     = note: `#[warn(unused_assignments)]` (part of `#[warn(unused)]`) on by default

warning: unused variable: `negative`
    --> crates/xerj-engine/src/index.rs:6235:41
     |
6235 |         QueryNode::Boosting { positive, negative, .. } => {
     |                                         ^^^^^^^^ help: try ignoring the field: `negative: _`
     |
     = note: `#[warn(unused_variables)]` (part of `#[warn(unused)]`) on by default

warning: value assigned to `pos` is never read
   --> crates/xerj-engine/src/sql.rs:344:65
    |
344 |             Some(Token::Num(n)) => { limit = Some(*n as usize); pos += 1; }
    |                                                                 ^^^^^^^^
    |
    = help: maybe it is overwritten before being read?

warning: function `execute_agg` is never used
   --> crates/xerj-engine/src/aggs.rs:391:4
    |
391 | fn execute_agg(name: &str, body: &Value, docs: &[Value]) -> Value {
    |    ^^^^^^^^^^^
    |
    = note: `#[warn(dead_code)]` (part of `#[warn(unused)]`) on by default

warning: function `execute_agg_with_all` is never used
   --> crates/xerj-engine/src/aggs.rs:395:4
    |
395 | fn execute_agg_with_all(name: &str, body: &Value, docs: &[Value], all_docs: &[Value]) -> Value {
    |    ^^^^^^^^^^^^^^^^^^^^

warning: variant `Skip` is never constructed
   --> crates/xerj-engine/src/bulk.rs:123:9
    |
120 |     enum ParseOutcome {
    |          ------------ variant in this enum
...
123 |         Skip(usize /* extra item_index to pop, because we optimistically consumed a line */),
    |         ^^^^

warning: function `run_numeric_agg_with_segments_refs` is never used
    --> crates/xerj-engine/src/index.rs:5504:4
     |
5504 | fn run_numeric_agg_with_segments_refs(
     |    ^^^^^^^^^^^^^^^^^^^^^^^^^^^^^^^^^^

warning: function `run_value_count_with_segments_refs` is never used
    --> crates/xerj-engine/src/index.rs:5569:4
     |
5569 | fn run_value_count_with_segments_refs(
     |    ^^^^^^^^^^^^^^^^^^^^^^^^^^^^^^^^^^

warning: function `run_cardinality_with_segments_refs` is never used
    --> crates/xerj-engine/src/index.rs:5601:4
     |
5601 | fn run_cardinality_with_segments_refs(
     |    ^^^^^^^^^^^^^^^^^^^^^^^^^^^^^^^^^^

warning: function `run_terms_with_segments_refs` is never used
    --> crates/xerj-engine/src/index.rs:5644:4
     |
5644 | fn run_terms_with_segments_refs(
     |    ^^^^^^^^^^^^^^^^^^^^^^^^^^^^

warning: function `run_numeric_agg_with_segments` is never used
    --> crates/xerj-engine/src/index.rs:5752:4
     |
5752 | fn run_numeric_agg_with_segments(
     |    ^^^^^^^^^^^^^^^^^^^^^^^^^^^^^

warning: function `run_value_count_with_segments` is never used
    --> crates/xerj-engine/src/index.rs:5815:4
     |
5815 | fn run_value_count_with_segments(
     |    ^^^^^^^^^^^^^^^^^^^^^^^^^^^^^

warning: function `run_cardinality_with_segments` is never used
    --> crates/xerj-engine/src/index.rs:5847:4
     |
5847 | fn run_cardinality_with_segments(
     |    ^^^^^^^^^^^^^^^^^^^^^^^^^^^^^

warning: function `run_terms_with_segments` is never used
    --> crates/xerj-engine/src/index.rs:5897:4
     |
5897 | fn run_terms_with_segments(
     |    ^^^^^^^^^^^^^^^^^^^^^^^

warning: function `hash_doc_id` is never used
    --> crates/xerj-engine/src/index.rs:7279:4
     |
7279 | fn hash_doc_id(doc_id: &str) -> u32 {
     |    ^^^^^^^^^^^

warning: constant `ANALYSIS_THRESHOLD` is never used
  --> crates/xerj-engine/src/memtable.rs:90:7
   |
90 | const ANALYSIS_THRESHOLD: usize = 1000;
   |       ^^^^^^^^^^^^^^^^^^

warning: method `collect_sample` is never used
   --> crates/xerj-engine/src/memtable.rs:188:8
    |
173 | impl DocValues {
    | -------------- method in this implementation
...
188 |     fn collect_sample(&mut self, field: &str, value: &str) {
    |        ^^^^^^^^^^^^^^

warning: field `parallel` is never read
   --> crates/xerj-engine/src/turbo_ingest.rs:245:5
    |
232 | pub struct TurboIngestPipeline {
    |            ------------------- field in this struct
...
245 |     parallel: bool,
    |     ^^^^^^^^

warning: calls to `std::mem::drop` with a reference instead of an owned value does nothing
    --> crates/xerj-engine/src/index.rs:1156:9
     |
1156 |         drop(mem);
     |         ^^^^^---^
     |              |
     |              argument has type `&ShardedFtsMemtable`
     |
     = note: `#[warn(dropping_references)]` on by default
help: use `let _ = ...` to ignore the expression or result
     |
1156 -         drop(mem);
1156 +         let _ = mem;
     |

warning: variable `MERGE_PARALLELISM` should have a snake case name
    --> crates/xerj-engine/src/index.rs:1506:13
     |
1506 |         let MERGE_PARALLELISM: usize = merge_parallelism;
     |             ^^^^^^^^^^^^^^^^^ help: convert the identifier to snake case: `merge_parallelism`
     |
     = note: `#[warn(non_snake_case)]` (part of `#[warn(nonstandard_style)]`) on by default

warning: calls to `std::mem::drop` with a reference instead of an owned value does nothing
    --> crates/xerj-engine/src/index.rs:3430:9
     |
3430 |         drop(mem);
     |         ^^^^^---^
     |              |
     |              argument has type `&ShardedFtsMemtable`
     |
help: use `let _ = ...` to ignore the expression or result
     |
3430 -         drop(mem);
3430 +         let _ = mem;
     |

warning: `xerj-engine` (lib) generated 26 warnings (run `cargo fix --lib -p xerj-engine` to apply 5 suggestions)
warning: `xerj-engine` (lib test) generated 26 warnings (26 duplicates)
warning: unused import: `SourceFilter`
  --> crates/xerj-engine/tests/integration.rs:11:50
   |
11 | use xerj_query::ast::{QueryNode, SearchRequest, SourceFilter};
   |                                                  ^^^^^^^^^^^^
   |
   = note: `#[warn(unused_imports)]` (part of `#[warn(unused)]`) on by default

warning: unused import: `QueryNode`
    --> crates/xerj-engine/tests/integration.rs:2379:28
     |
2379 |     use xerj_query::ast::{QueryNode, SourceFilter};
     |                            ^^^^^^^^^

warning: unused import: `serde_json::Value`
    --> crates/xerj-engine/tests/integration.rs:2416:9
     |
2416 |     use serde_json::Value;
     |         ^^^^^^^^^^^^^^^^^

warning: unused variable: `engine`
    --> crates/xerj-engine/tests/integration.rs:1603:9
     |
1603 |     let engine = make_engine(&dir);
     |         ^^^^^^ help: if this is intentional, prefix it with an underscore: `_engine`
     |
     = note: `#[warn(unused_variables)]` (part of `#[warn(unused)]`) on by default

warning: variable does not need to be mutable
    --> crates/xerj-engine/tests/integration.rs:2399:9
     |
2399 |     let mut req = SearchRequest {
     |         ----^^^
     |         |
     |         help: remove this `mut`
     |
     = note: `#[warn(unused_mut)]` (part of `#[warn(unused)]`) on by default

warning: `xerj-engine` (test "integration") generated 5 warnings (run `cargo fix --test "integration" -p xerj-engine` to apply 5 suggestions)
    Finished `test` profile [unoptimized + debuginfo] target(s) in 0.12s
     Running unittests src/lib.rs (target/debug/deps/xerj_ai-794f756721cb77cc)

running 16 tests
test chunker::tests::empty_text_returns_empty ... ok
test chunker::tests::overlap_creates_overlap_in_content ... ok
test chunker::tests::chunk_indices_are_sequential ... ok
test chunker::tests::chunks_cover_full_text ... ok
test chunker::tests::unicode_text_handled ... ok
test chunker::tests::short_text_produces_single_chunk ... ok
test embed::tests::config_with_api_key ... ok
test embed::tests::config_defaults ... ok
test memory::tests::clear_resets_state ... ok
test memory::tests::dedup_allows_distinct_entries ... ok
test memory::tests::dedup_skips_near_duplicate ... ok
test memory::tests::recall_empty_memory ... ok
test memory::tests::ids_are_unique ... ok
test memory::tests::store_and_recall_basic ... ok
test memory::tests::recency_weight_affects_ordering ... ok
test embed::tests::embed_empty_batch_returns_empty ... ok

test result: ok. 16 passed; 0 failed; 0 ignored; 0 measured; 0 filtered out; finished in 0.01s

     Running unittests src/lib.rs (target/debug/deps/xerj_api-341cdca583898203)

running 0 tests

test result: ok. 0 passed; 0 failed; 0 ignored; 0 measured; 0 filtered out; finished in 0.00s

     Running unittests src/main.rs (target/debug/deps/xerj_api-06e4305b6744f2dc)

running 0 tests

test result: ok. 0 passed; 0 failed; 0 ignored; 0 measured; 0 filtered out; finished in 0.00s

     Running unittests src/lib.rs (target/debug/deps/xerj_cluster-4cb0610f6dba8daf)

running 53 tests
test coordinator::tests::test_coordinator_no_shards ... ok
test coordinator::tests::test_coordinator_route_index_local ... ok
test coordinator::tests::test_coordinator_fan_out ... ok
test coordinator::tests::test_coordinator_merge ... ok
test coordinator::tests::test_coordinator_fan_out_call_count ... ok
test coordinator::tests::test_coordinator_route_index_remote ... ok
test metadata::tests::test_add_remove_node ... ok
test metadata::tests::test_create_and_delete_index ... ok
test metadata::tests::test_idempotent_apply ... ok
test metadata::tests::test_shard_assignment ... ok
test metadata::tests::test_metadata_apply_from_raft_entries ... ok
test node::tests::test_cluster_node_propose_and_apply ... ok
test raft::tests::test_leader_failure_reelection ... ok
test raft::tests::test_leader_commit ... ok
test raft::tests::test_log_replication ... ok
test node::tests::test_metadata_apply_full_pipeline ... ok
test raft::tests::test_single_node_leader ... ok
test raft::tests::test_propose_command ... ok
test raft::tests::test_propose_on_follower_fails ... ok
test raft::tests::test_three_node_election ... ok
test raft_log::tests::commit_index_persists ... ok
test regions::tests::test_initial_region_creation ... ok
test raft_log::tests::corrupt_tail_is_ignored_on_reopen ... ok
test regions::tests::test_initial_region_creation_single ... ok
test raft_log::tests::truncate_drops_tail ... ok
test regions::tests::test_jump_hash_routes_to_region ... ok
test regions::tests::test_region_merge ... ok
test regions::tests::test_rebalance_plan ... ok
test regions::tests::test_rebalance_plan_balanced ... ok
test regions::tests::test_region_merge_non_adjacent_fails ... ok
test regions::tests::test_region_split ... ok
test regions::tests::test_region_split_unbounded ... ok
test regions::tests::test_update_region_stats ... ok
test replication::tests::test_replication_entry_serialization ... ok
test replication::tests::test_replication_mode_serialization ... ok
test replication::tests::test_async_replication ... ok
test replication::tests::test_quorum_replication ... ok
test replication::tests::test_sync_replication ... ok
test replication::tests::test_sync_replication_insufficient ... ok
test router::tests::test_jump_hash_stability ... ok
test router::tests::test_router_route_doc ... ok
test router::tests::test_router_search_targets ... ok
test router::tests::test_router_unassigned_shard ... ok
test router::tests::test_router_update_from_metadata ... ok
test search::tests::test_index_request_serde ... ok
test search::tests::test_index_response_serde ... ok
test search::tests::test_is_response ... ok
test search::tests::test_merge_search_responses ... ok
test search::tests::test_search_message_serde ... ok
test search::tests::test_search_response_serde ... ok
test raft_log::tests::append_and_reread ... ok
test router::tests::test_jump_hash_distribution ... ok
test router::tests::test_jump_hash_minimal_rebalancing ... ok

test result: ok. 53 passed; 0 failed; 0 ignored; 0 measured; 0 filtered out; finished in 0.01s

     Running tests/persistent_raft_test.rs (target/debug/deps/persistent_raft_test-6de8f284ebf0082d)

running 1 test
test single_node_persistent_roundtrip ... ok

test result: ok. 1 passed; 0 failed; 0 ignored; 0 measured; 0 filtered out; finished in 0.00s

     Running tests/region_tests.rs (target/debug/deps/region_tests-0a767057eaf09f49)

running 15 tests
test test_initial_region_creation_more_regions_than_nodes ... ok
test test_initial_region_creation ... ok
test test_initial_region_creation_single ... ok
test test_jump_hash_routes_to_region ... ok
test test_rebalance_plan ... ok
test test_rebalance_plan_balanced ... ok
test test_rebalance_plan_single_node ... ok
test test_region_merge ... ok
test test_region_merge_accumulates_stats ... ok
test test_region_merge_non_adjacent_fails ... ok
test test_region_split_by_doc_count ... ok
test test_region_split ... ok
test test_region_split_preserves_assignment ... ok
test test_region_serialization ... ok
test test_update_region_stats ... ok

test result: ok. 15 passed; 0 failed; 0 ignored; 0 measured; 0 filtered out; finished in 0.00s

     Running tests/replication_tests.rs (target/debug/deps/replication_tests-7b97277c5c6b360e)

running 8 tests
test test_async_replication ... ok
test test_quorum_replication_fails_below_majority ... ok
test test_replication_mode_serialization ... ok
test test_replication_entry_serialization ... ok
test test_replication_no_replicas ... ok
test test_quorum_replication ... ok
test test_sync_replication ... ok
test test_sync_replication_insufficient_replicas ... ok

test result: ok. 8 passed; 0 failed; 0 ignored; 0 measured; 0 filtered out; finished in 0.00s

     Running tests/transport_tests.rs (target/debug/deps/transport_tests-0cd3d2a945f9388d)

running 5 tests
test test_merge_search_responses_ordering_and_pagination ... ok
test test_distributed_search_message ... ok
test test_single_node_cluster_via_runner ... ok
test test_tcp_transport_send_recv ... ok
test test_cluster_runner_election ... ok

test result: ok. 5 passed; 0 failed; 0 ignored; 0 measured; 0 filtered out; finished in 0.50s

     Running unittests src/lib.rs (target/debug/deps/xerj_common-d937a4ae1c32cdce)

running 23 tests
test config::tests::count_user_facing_settings ... ok
test config::tests::default_config_is_valid ... ok
test config::tests::tls_disabled_no_paths_ok ... ok
test config::tests::parse_minimal_toml ... ok
test config::tests::tls_enabled_requires_paths ... ok
test config::tests::duplicate_ports_rejected ... ok
test metrics::tests::active_search_guard_decrements_on_drop ... ok
test metrics::tests::counter_increments ... ok
test metrics::tests::isolated_registries_do_not_conflict ... ok
test schema::tests::binary_field_cannot_be_indexed ... ok
test schema::tests::field_limit_enforced ... ok
test schema::tests::dynamic_mapping_adds_fields ... ok
test schema::tests::infer_types_from_json ... ok
test schema::tests::schema_compatibility_type_change_rejected ... ok
test schema::tests::strict_mapping_rejects_unknown ... ok
test schema::tests::vector_field_requires_dimensions ... ok
test metrics::tests::metrics_init_succeeds ... ok
test types::tests::document_get_nested_field ... ok
test types::tests::field_types_round_trip_json ... ok
test types::tests::index_name_invalid ... ok
test metrics::tests::gather_text_is_valid_utf8 ... ok
test types::tests::index_name_valid ... ok
test types::tests::schema_field_add_dedup ... ok

test result: ok. 23 passed; 0 failed; 0 ignored; 0 measured; 0 filtered out; finished in 0.00s

     Running unittests src/lib.rs (target/debug/deps/xerj_compress-cc1af660231453ba)

running 41 tests
test block::tests::empty_finish_produces_no_bytes ... ok
test block::tests::roundtrip_lz4_partial_block ... ok
test block::tests::roundtrip_none_exact_block ... ok
test codec::tests::lz4_reduces_size ... ok
test codec::tests::get_codec_factory ... ok
test block::tests::roundtrip_zstd_balanced ... ok
test codec::tests::lz4_roundtrip ... ok
test codec::tests::none_roundtrip ... ok
test codec::tests::zstd_balanced_roundtrip ... ok
test dictionary::tests::encode_or_insert_grows_dict ... ok
test dictionary::tests::encode_decode_roundtrip ... ok
test codec::tests::zstd_best_roundtrip ... ok
test dictionary::tests::log_levels_realistic ... ok
test dictionary::tests::serialize_deserialize ... ok
test field_codec::tests::test_apache_parse ... ok
test field_codec::tests::test_bitset_enum_bitmap_correctness ... ok
test field_codec::tests::test_boolean_encoding ... ok
test field_codec::tests::test_compression_ratio_vs_raw ... ok
test field_codec::tests::test_decimal_scale ... ok
test field_codec::tests::test_delta_timestamp_regularity ... ok
test field_codec::tests::test_float_encoding ... ok
test field_codec::tests::test_dictionary_medium_cardinality ... ok
test block::tests::roundtrip_lz4_multiple_blocks ... ok
test field_codec::tests::test_http_method_encoding ... ok
test field_codec::tests::test_ip_encoding ... ok
test field_codec::tests::test_ip_in_cidr ... ok
test field_codec::tests::test_iso8601_parse ... ok
test field_codec::tests::test_log_level_encoding ... ok
test field_codec::tests::test_nginx_parse ... ok
test field_codec::tests::test_parse_ipv4 ... ok
test field_codec::tests::test_status_codes_bitset_enum ... ok
test field_codec::tests::test_timestamp_iso8601 ... ok
test field_codec::tests::test_timestamp_apache ... ok
test field_codec::tests::test_unique_count ... ok
test field_codec::tests::test_url_template_extraction ... ok
test field_codec::tests::test_uuid_detection ... ok
test field_codec::tests::test_url_template_encoding ... ok
test field_codec::tests::test_varint_encoding ... ok
test field_codec::tests::test_raw_string_fallback ... ok
test field_codec::tests::test_varint_sizing ... ok
test field_codec::tests::test_apache_log_compression_ratios ... ok

test result: ok. 41 passed; 0 failed; 0 ignored; 0 measured; 0 filtered out; finished in 0.03s

     Running unittests src/lib.rs (target/debug/deps/xerj_engine-f2cc638c1c9ffe0c)

running 22 tests
test aggs::tests::test_avg ... ok
test aggs::tests::test_cardinality ... ok
test aggs::tests::test_min_max ... ok
test aggs::tests::test_date_histogram ... ok
test aggs::tests::test_sum ... ok
test aggs::tests::test_stats ... ok
test aggs::tests::test_value_count ... ok
test sql::tests::test_basic_select ... ok
test aggs::tests::test_nested_aggs ... ok
test aggs::tests::test_terms ... ok
test sql::tests::test_order_by ... ok
test sql::tests::test_select_star ... ok
test turbo_ingest::tests::batch_wal_writer_roundtrip ... ok
test turbo_ingest::tests::extract_and_tokenize_nested ... ok
test turbo_ingest::tests::fast_tokenizer_filters_short_and_long ... ok
test turbo_ingest::tests::pipeline_auto_flushes_at_batch_size ... ok
test turbo_ingest::tests::pipeline_explicit_flush ... ok
test turbo_ingest::tests::simd_lowercase_mixed_multibyte ... ok
test turbo_ingest::tests::simd_lowercase_pure_ascii ... ok
test turbo_ingest::tests::word_boundaries_basic ... ok
test turbo_ingest::tests::word_boundaries_punctuation ... ok
test turbo_ingest::tests::pipeline_parallel_flush_matches_sequential ... ok

test result: ok. 22 passed; 0 failed; 0 ignored; 0 measured; 0 filtered out; finished in 0.00s

     Running tests/battle_test.rs (target/debug/deps/battle_test-a5dc46fd60ca2e97)

running 10 tests
test battle_access_log_analytics ... ignored
test battle_aggregations ... ignored
test battle_article_search_with_highlight ... ignored
test battle_bulk_ingest_all ... ignored
test battle_complex_bool_queries ... ignored
test battle_concurrent_search_load ... ignored
test battle_correctness_spot_checks ... ignored
test battle_geo_distance_search ... ignored
test battle_log_error_search ... ignored
test battle_product_fulltext_search ... ignored

test result: ok. 0 passed; 0 failed; 10 ignored; 0 measured; 0 filtered out; finished in 0.00s

     Running tests/chaos_tests.rs (target/debug/deps/chaos_tests-f337eda61f71686a)

running 10 tests
test chaos_data_integrity ... ok
test chaos_delete_during_writes ... ok
test chaos_concurrent_readwrite_stress ... ok
test chaos_large_documents ... ok
test chaos_flush_during_writes ... ok
test chaos_schema_evolution ... ok
test chaos_wal_corruption ... ok
test chaos_rapid_restart_loop ... ok
test chaos_crash_during_writes ... ok
test chaos_memory_pressure ... ok

test result: ok. 10 passed; 0 failed; 0 ignored; 0 measured; 0 filtered out; finished in 4.41s

     Running tests/es_compat_tests.rs (target/debug/deps/es_compat_tests-aaaf8a98e1968320)

running 64 tests
test test_create_vs_index_semantics ... ok
test test_es_agg_filter_with_sub_agg ... ok
test test_es_agg_range ... ok
test test_bulk_create_vs_index_conflict ... ok
test test_es_agg_terms ... ok
test test_es_agg_stats ... ok
test test_es_agg_terms_size_zero ... ok
test test_es_bool_deeply_nested ... ok
test test_es_agg_terms_with_stats_sub_agg ... ok
test test_es_bool_filter_only ... ok
test test_es_bulk_empty_id_returns_error ... ok
test test_es_bool_minimum_should_match ... ok
test test_es_bool_query ... ok
test test_es_bulk_index_multiple ... ok
test test_es_bulk_refresh_true_makes_docs_searchable ... ok
test test_es_bulk_mixed_indices ... ok
test test_es_cluster_health_status ... ok
test test_es_bulk_mixed_operations ... ok
test test_es_count_all_docs ... ok
test test_es_count_basic ... ok
test test_es_count_with_match_query ... ok
test test_es_count_with_range_query ... ok
test test_es_delete_existing ... ok
test test_es_delete_already_deleted_is_not_found ... ok
test test_es_delete_missing ... ok
test test_es_delete_nonexistent_is_not_found ... ok
test test_es_delete_result_deleted_version_increments ... ok
test test_es_delete_then_reindex ... ok
test test_es_get_document ... ok
test test_es_explain_nonmatching_doc ... ok
test test_es_get_missing_document ... ok
test test_es_explain_matching_doc ... ok
test test_es_health_version_present ... ok
test test_es_index_version_increments ... ok
test test_es_index_without_id ... ok
test test_es_index_with_id ... ok
test test_es_highlight ... ok
test test_es_list_indices ... ok
test test_es_list_indices_doc_count ... ok
test test_es_match_all ... ok
test test_es_match_query_bm25_ranking ... ok
test test_es_mget_different_indices ... ok
test test_es_mget_found_and_missing ... ok
test test_es_pagination_from_size ... ok
test test_es_search_empty_index ... ok
test test_es_range_query ... ok
test test_es_search_took_ms_present ... ok
test test_es_sort_asc_desc ... ok
test test_es_sort_by_score_default ... ok
test test_es_sort_missing_values_last ... ok
test test_es_sort_multi_field ... ok
test test_es_source_false_returns_no_source ... ok
test test_es_source_excludes ... ok
test test_es_source_includes_specific_fields ... ok
test test_es_source_true_returns_source ... ok
test test_es_validate_query_invalid ... ok
test test_es_validate_query_valid ... ok
test test_es_source_nested_path_include ... ok
test test_es_term_query_exact_match ... ok
test test_es_update_document_merges_fields ... ok
test test_update_doc_as_upsert_creates_document ... ok
test test_update_missing_doc_without_upsert_returns_none ... ok
test test_update_partial_doc_merge ... ok
test test_update_with_upsert_body_creates_document ... ok

test result: ok. 64 passed; 0 failed; 0 ignored; 0 measured; 0 filtered out; finished in 0.02s

     Running tests/integration.rs (target/debug/deps/integration-f858e7cbf9902e00)

running 77 tests
test test_ascii_folding_filter ... ok
test test_alias_search ... ok
test test_adjacency_matrix_agg ... ok
test test_aggregations ... ok
test test_bool_must_not_excludes ... ok
test test_bm25_ranking ... FAILED
test test_bool_query ... ok
test test_copy_to ... ok
test test_create_index_and_search ... ok
test test_custom_analyzer_synonym_expansion ... ok
test test_custom_analyzer_synonym_explicit_mapping ... FAILED
test test_date_math_index_name_resolution ... ok
test test_delete_by_query ... ok
test test_document_lifecycle ... ok
test test_concurrent_read_write ... ok
test test_dynamic_mapping_array_type_detection ... ok
test test_edge_ngram_tokenizer_autocomplete ... ok
test test_field_alias_resolution ... ok
test test_field_collapsing ... ok
test test_field_sorting ... ok
test test_fuzzy_query_typo ... ok
test test_geo_distance_query ... ok
test test_geo_distance_radius ... ok
test test_haversine_distance ... ok
test test_highlight ... ok
test test_ids_query ... ok
test test_index_level_settings ... ok
test test_index_read_block ... ok
test test_index_settings_persisted_across_restart ... ok
test test_index_write_block ... ok
test test_ip_range_query ... ok
test test_knn_vector_search ... ok
test test_length_filter_integration ... ok
test test_match_none ... ok
test test_match_phrase_query ... ok
test test_flush_to_disk_and_reopen ... ok
test test_minimum_should_match_percentage ... ok
test test_more_like_this ... ok
test test_multi_match_query ... ok
test test_multiword_match_scoring ... ok
test test_named_queries_matched ... ok
test test_nested_object_field_access ... ok
test test_nested_query ... ok
test test_nested_terms_agg ... ok
test test_ngram_tokenizer_infix_search ... ok
test test_pagination_no_overlap ... ok
test test_concurrent_indexing ... ok
test test_profile_mode ... ok
test test_pattern_tokenizer ... ok
test test_memory_usage_bytes ... ok
test test_query_types ... ok
test test_range_agg_boundaries ... ok
test test_registry_apply_settings ... ok
test test_rescore_changes_ranking ... ok
test test_search_after_multi_sort ... ok
test test_shingle_filter_integration ... ok
test test_search_after_pagination ... ok
test test_significant_terms_agg ... ok
test test_smart_field_encoding_apache_logs ... ignored, collect_sample was removed from push_field during M4 perf opt — field_encodings not populated
test test_size_zero_returns_total_only ... ok
test test_sort_stability ... ok
test test_source_filtering ... ok
test test_sql_order_by_integration ... ok
test test_sql_parser_and_condition ... ok
test test_sql_parser_like ... ok
test test_sql_parser_order_by ... ok
test test_sql_query ... ok
test test_terms_agg_array_field ... ok
test test_regexp_query ... ok
test test_update_document_partial_merge ... ok
test test_terms_agg_bucket_counts ... ok
test test_top_hits_sub_agg ... ok
test test_wal_persistence ... ok
test test_weighted_bool_boost_ranking ... ok
test test_wal_corruption_recovery ... ok
test test_wildcard_field_search ... ok
test test_async_search_store has been running for over 60 seconds
